# JRE version: Java(TM) SE Runtime Environment (8.0_45-b15) (build 1.8.0_45-b15)
# Java VM: Java HotSpot(TM) 64-Bit Server VM (25.45-b02 mixed mode windows-amd64 compressed oops)
Heap:
 PSYoungGen      total 130048K, used 73360K [0x00000000d5b80000, 0x00000000df600000, 0x0000000100000000)
  eden space 103936K, 70% used [0x00000000d5b80000,0x00000000da2dc370,0x00000000dc100000)
  from space 26112K, 1% used [0x00000000ddc80000,0x00000000ddcc8000,0x00000000df600000)
  to   space 27136K, 0% used [0x00000000dc100000,0x00000000dc100000,0x00000000ddb80000)
 ParOldGen       total 108544K, used 50677K [0x0000000081200000, 0x0000000087c00000, 0x00000000d5b80000)
  object space 108544K, 46% used [0x0000000081200000,0x000000008437d4a0,0x0000000087c00000)
 Metaspace       used 12785K, capacity 12926K, committed 13184K, reserved 1060864K
  class space    used 1489K, capacity 1575K, committed 1664K, reserved 1048576K
GC Heap History (10 events):
Event: 44.692 GC heap before
{Heap before GC invocations=47 (full 3):
 PSYoungGen      total 119808K, used 109560K [0x00000000d5b80000, 0x00000000df000000, 0x0000000100000000)
  eden space 95744K, 97% used [0x00000000d5b80000,0x00000000db654158,0x00000000db900000)
  from space 24064K, 68% used [0x00000000db900000,0x00000000dc92a020,0x00000000dd080000)
  to   space 26624K, 0% used [0x00000000dd600000,0x00000000dd600000,0x00000000df000000)
 ParOldGen       total 108544K, used 50549K [0x0000000081200000, 0x0000000087c00000, 0x00000000d5b80000)
  object space 108544K, 46% used [0x0000000081200000,0x000000008435d4a0,0x0000000087c00000)
 Metaspace       used 12729K, capacity 12926K, committed 13184K, reserved 1060864K
  class space    used 1485K, capacity 1575K, committed 1664K, reserved 1048576K
Event: 44.694 GC heap after
Heap after GC invocations=47 (full 3):
 PSYoungGen      total 122368K, used 256K [0x00000000d5b80000, 0x00000000ded80000, 0x0000000100000000)
  eden space 98304K, 0% used [0x00000000d5b80000,0x00000000d5b80000,0x00000000dbb80000)
  from space 24064K, 1% used [0x00000000dd600000,0x00000000dd640000,0x00000000ded80000)
  to   space 25600K, 0% used [0x00000000dbb80000,0x00000000dbb80000,0x00000000dd480000)
 ParOldGen       total 108544K, used 50573K [0x0000000081200000, 0x0000000087c00000, 0x00000000d5b80000)
  object space 108544K, 46% used [0x0000000081200000,0x00000000843634a0,0x0000000087c00000)
 Metaspace       used 12729K, capacity 12926K, committed 13184K, reserved 1060864K
  class space    used 1485K, capacity 1575K, committed 1664K, reserved 1048576K
}
Event: 45.923 GC heap before
{Heap before GC invocations=48 (full 3):
 PSYoungGen      total 122368K, used 95340K [0x00000000d5b80000, 0x00000000ded80000, 0x0000000100000000)
  eden space 98304K, 96% used [0x00000000d5b80000,0x00000000db85b0e8,0x00000000dbb80000)
  from space 24064K, 1% used [0x00000000dd600000,0x00000000dd640000,0x00000000ded80000)
  to   space 25600K, 0% used [0x00000000dbb80000,0x00000000dbb80000,0x00000000dd480000)
 ParOldGen       total 108544K, used 50573K [0x0000000081200000, 0x0000000087c00000, 0x00000000d5b80000)
  object space 108544K, 46% used [0x0000000081200000,0x00000000843634a0,0x0000000087c00000)
 Metaspace       used 12731K, capacity 12926K, committed 13184K, reserved 1060864K
  class space    used 1485K, capacity 1575K, committed 1664K, reserved 1048576K
Event: 45.929 GC heap after
Heap after GC invocations=48 (full 3):
 PSYoungGen      total 123904K, used 24620K [0x00000000d5b80000, 0x00000000dfa80000, 0x0000000100000000)
  eden space 98304K, 0% used [0x00000000d5b80000,0x00000000d5b80000,0x00000000dbb80000)
  from space 25600K, 96% used [0x00000000dbb80000,0x00000000dd38b030,0x00000000dd480000)
  to   space 30720K, 0% used [0x00000000ddc80000,0x00000000ddc80000,0x00000000dfa80000)
 ParOldGen       total 108544K, used 50605K [0x0000000081200000, 0x0000000087c00000, 0x00000000d5b80000)
  object space 108544K, 46% used [0x0000000081200000,0x000000008436b4a0,0x0000000087c00000)
 Metaspace       used 12731K, capacity 12926K, committed 13184K, reserved 1060864K
  class space    used 1485K, capacity 1575K, committed 1664K, reserved 1048576K
}
Event: 47.317 GC heap before
{Heap before GC invocations=49 (full 3):
 PSYoungGen      total 123904K, used 117679K [0x00000000d5b80000, 0x00000000dfa80000, 0x0000000100000000)
  eden space 98304K, 94% used [0x00000000d5b80000,0x00000000db660c18,0x00000000dbb80000)
  from space 25600K, 96% used [0x00000000dbb80000,0x00000000dd38b030,0x00000000dd480000)
  to   space 30720K, 0% used [0x00000000ddc80000,0x00000000ddc80000,0x00000000dfa80000)
 ParOldGen       total 108544K, used 50605K [0x0000000081200000, 0x0000000087c00000, 0x00000000d5b80000)
  object space 108544K, 46% used [0x0000000081200000,0x000000008436b4a0,0x0000000087c00000)
 Metaspace       used 12731K, capacity 12926K, committed 13184K, reserved 1060864K
  class space    used 1485K, capacity 1575K, committed 1664K, reserved 1048576K
Event: 47.319 GC heap after
Heap after GC invocations=49 (full 3):
 PSYoungGen      total 130048K, used 288K [0x00000000d5b80000, 0x00000000df880000, 0x0000000100000000)
  eden space 101376K, 0% used [0x00000000d5b80000,0x00000000d5b80000,0x00000000dbe80000)
  from space 28672K, 1% used [0x00000000ddc80000,0x00000000ddcc8000,0x00000000df880000)
  to   space 29696K, 0% used [0x00000000dbe80000,0x00000000dbe80000,0x00000000ddb80000)
 ParOldGen       total 108544K, used 50629K [0x0000000081200000, 0x0000000087c00000, 0x00000000d5b80000)
  object space 108544K, 46% used [0x0000000081200000,0x00000000843714a0,0x0000000087c00000)
 Metaspace       used 12731K, capacity 12926K, committed 13184K, reserved 1060864K
  class space    used 1485K, capacity 1575K, committed 1664K, reserved 1048576K
}
Event: 48.689 GC heap before
{Heap before GC invocations=50 (full 3):
 PSYoungGen      total 130048K, used 101507K [0x00000000d5b80000, 0x00000000df880000, 0x0000000100000000)
  eden space 101376K, 99% used [0x00000000d5b80000,0x00000000dbe58e18,0x00000000dbe80000)
  from space 28672K, 1% used [0x00000000ddc80000,0x00000000ddcc8000,0x00000000df880000)
  to   space 29696K, 0% used [0x00000000dbe80000,0x00000000dbe80000,0x00000000ddb80000)
 ParOldGen       total 108544K, used 50629K [0x0000000081200000, 0x0000000087c00000, 0x00000000d5b80000)
  object space 108544K, 46% used [0x0000000081200000,0x00000000843714a0,0x0000000087c00000)
 Metaspace       used 12734K, capacity 12926K, committed 13184K, reserved 1060864K
  class space    used 1485K, capacity 1575K, committed 1664K, reserved 1048576K
Event: 48.689 GC heap after
Heap after GC invocations=50 (full 3):
 PSYoungGen      total 131072K, used 256K [0x00000000d5b80000, 0x00000000df800000, 0x0000000100000000)
  eden space 101376K, 0% used [0x00000000d5b80000,0x00000000d5b80000,0x00000000dbe80000)
  from space 29696K, 0% used [0x00000000dbe80000,0x00000000dbec0000,0x00000000ddb80000)
  to   space 28160K, 0% used [0x00000000ddc80000,0x00000000ddc80000,0x00000000df800000)
 ParOldGen       total 108544K, used 50653K [0x0000000081200000, 0x0000000087c00000, 0x00000000d5b80000)
  object space 108544K, 46% used [0x0000000081200000,0x00000000843774a0,0x0000000087c00000)
 Metaspace       used 12734K, capacity 12926K, committed 13184K, reserved 1060864K
  class space    used 1485K, capacity 1575K, committed 1664K, reserved 1048576K
}
Event: 50.094 GC heap before
{Heap before GC invocations=51 (full 3):
 PSYoungGen      total 131072K, used 101489K [0x00000000d5b80000, 0x00000000df800000, 0x0000000100000000)
  eden space 101376K, 99% used [0x00000000d5b80000,0x00000000dbe5c790,0x00000000dbe80000)
  from space 29696K, 0% used [0x00000000dbe80000,0x00000000dbec0000,0x00000000ddb80000)
  to   space 28160K, 0% used [0x00000000ddc80000,0x00000000ddc80000,0x00000000df800000)
 ParOldGen       total 108544K, used 50653K [0x0000000081200000, 0x0000000087c00000, 0x00000000d5b80000)
  object space 108544K, 46% used [0x0000000081200000,0x00000000843774a0,0x0000000087c00000)
 Metaspace       used 12735K, capacity 12926K, committed 13184K, reserved 1060864K
  class space    used 1485K, capacity 1575K, committed 1664K, reserved 1048576K
Event: 50.096 GC heap after
Heap after GC invocations=51 (full 3):
 PSYoungGen      total 130048K, used 288K [0x00000000d5b80000, 0x00000000df600000, 0x0000000100000000)
  eden space 103936K, 0% used [0x00000000d5b80000,0x00000000d5b80000,0x00000000dc100000)
  from space 26112K, 1% used [0x00000000ddc80000,0x00000000ddcc8000,0x00000000df600000)
  to   space 27136K, 0% used [0x00000000dc100000,0x00000000dc100000,0x00000000ddb80000)
 ParOldGen       total 108544K, used 50677K [0x0000000081200000, 0x0000000087c00000, 0x00000000d5b80000)
  object space 108544K, 46% used [0x0000000081200000,0x000000008437d4a0,0x0000000087c00000)
 Metaspace       used 12735K, capacity 12926K, committed 13184K, reserved 1060864K
  class space    used 1485K, capacity 1575K, committed 1664K, reserved 1048576K
}

