# JRE version: Java(TM) SE Runtime Environment (8.0_45-b14) (build 1.8.0_45-b14)
# Java VM: Java HotSpot(TM) 64-Bit Server VM (25.45-b02 mixed mode windows-amd64 compressed oops)
Heap:
 PSYoungGen      total 37888K, used 5912K [0x00000000d6000000, 0x00000000d8a00000, 0x0000000100000000)
  eden space 32768K, 7% used [0x00000000d6000000,0x00000000d6252d40,0x00000000d8000000)
  from space 5120K, 69% used [0x00000000d8000000,0x00000000d8373340,0x00000000d8500000)
  to   space 5120K, 0% used [0x00000000d8500000,0x00000000d8500000,0x00000000d8a00000)
 ParOldGen       total 86016K, used 32K [0x0000000082000000, 0x0000000087400000, 0x00000000d6000000)
  object space 86016K, 0% used [0x0000000082000000,0x0000000082008000,0x0000000087400000)
 Metaspace       used 17124K, capacity 17376K, committed 17664K, reserved 1064960K
  class space    used 2218K, capacity 2296K, committed 2304K, reserved 1048576K
GC Heap History (6 events):
Event: 8.629 GC heap before
{Heap before GC invocations=1 (full 0):
 PSYoungGen      total 37888K, used 32768K [0x00000000d6000000, 0x00000000d8a00000, 0x0000000100000000)
  eden space 32768K, 100% used [0x00000000d6000000,0x00000000d8000000,0x00000000d8000000)
  from space 5120K, 0% used [0x00000000d8500000,0x00000000d8500000,0x00000000d8a00000)
  to   space 5120K, 0% used [0x00000000d8000000,0x00000000d8000000,0x00000000d8500000)
 ParOldGen       total 86016K, used 0K [0x0000000082000000, 0x0000000087400000, 0x00000000d6000000)
  object space 86016K, 0% used [0x0000000082000000,0x0000000082000000,0x0000000087400000)
 Metaspace       used 16177K, capacity 16416K, committed 16640K, reserved 1062912K
  class space    used 2135K, capacity 2232K, committed 2304K, reserved 1048576K
Event: 8.637 GC heap after
Heap after GC invocations=1 (full 0):
 PSYoungGen      total 37888K, used 3967K [0x00000000d6000000, 0x00000000d8a00000, 0x0000000100000000)
  eden space 32768K, 0% used [0x00000000d6000000,0x00000000d6000000,0x00000000d8000000)
  from space 5120K, 77% used [0x00000000d8000000,0x00000000d83dff10,0x00000000d8500000)
  to   space 5120K, 0% used [0x00000000d8500000,0x00000000d8500000,0x00000000d8a00000)
 ParOldGen       total 86016K, used 16K [0x0000000082000000, 0x0000000087400000, 0x00000000d6000000)
  object space 86016K, 0% used [0x0000000082000000,0x0000000082004000,0x0000000087400000)
 Metaspace       used 16177K, capacity 16416K, committed 16640K, reserved 1062912K
  class space    used 2135K, capacity 2232K, committed 2304K, reserved 1048576K
}
Event: 22.554 GC heap before
{Heap before GC invocations=2 (full 0):
 PSYoungGen      total 37888K, used 36735K [0x00000000d6000000, 0x00000000d8a00000, 0x0000000100000000)
  eden space 32768K, 100% used [0x00000000d6000000,0x00000000d8000000,0x00000000d8000000)
  from space 5120K, 77% used [0x00000000d8000000,0x00000000d83dff10,0x00000000d8500000)
  to   space 5120K, 0% used [0x00000000d8500000,0x00000000d8500000,0x00000000d8a00000)
 ParOldGen       total 86016K, used 16K [0x0000000082000000, 0x0000000087400000, 0x00000000d6000000)
  object space 86016K, 0% used [0x0000000082000000,0x0000000082004000,0x0000000087400000)
 Metaspace       used 17110K, capacity 17376K, committed 17664K, reserved 1064960K
  class space    used 2218K, capacity 2296K, committed 2304K, reserved 1048576K
Event: 22.561 GC heap after
Heap after GC invocations=2 (full 0):
 PSYoungGen      total 37888K, used 3944K [0x00000000d6000000, 0x00000000d8a00000, 0x0000000100000000)
  eden space 32768K, 0% used [0x00000000d6000000,0x00000000d6000000,0x00000000d8000000)
  from space 5120K, 77% used [0x00000000d8500000,0x00000000d88da008,0x00000000d8a00000)
  to   space 5120K, 0% used [0x00000000d8000000,0x00000000d8000000,0x00000000d8500000)
 ParOldGen       total 86016K, used 24K [0x0000000082000000, 0x0000000087400000, 0x00000000d6000000)
  object space 86016K, 0% used [0x0000000082000000,0x0000000082006000,0x0000000087400000)
 Metaspace       used 17110K, capacity 17376K, committed 17664K, reserved 1064960K
  class space    used 2218K, capacity 2296K, committed 2304K, reserved 1048576K
}
Event: 43.747 GC heap before
{Heap before GC invocations=3 (full 0):
 PSYoungGen      total 37888K, used 36712K [0x00000000d6000000, 0x00000000d8a00000, 0x0000000100000000)
  eden space 32768K, 100% used [0x00000000d6000000,0x00000000d8000000,0x00000000d8000000)
  from space 5120K, 77% used [0x00000000d8500000,0x00000000d88da008,0x00000000d8a00000)
  to   space 5120K, 0% used [0x00000000d8000000,0x00000000d8000000,0x00000000d8500000)
 ParOldGen       total 86016K, used 24K [0x0000000082000000, 0x0000000087400000, 0x00000000d6000000)
  object space 86016K, 0% used [0x0000000082000000,0x0000000082006000,0x0000000087400000)
 Metaspace       used 17122K, capacity 17376K, committed 17664K, reserved 1064960K
  class space    used 2218K, capacity 2296K, committed 2304K, reserved 1048576K
Event: 43.752 GC heap after
Heap after GC invocations=3 (full 0):
 PSYoungGen      total 37888K, used 3532K [0x00000000d6000000, 0x00000000d8a00000, 0x0000000100000000)
  eden space 32768K, 0% used [0x00000000d6000000,0x00000000d6000000,0x00000000d8000000)
  from space 5120K, 69% used [0x00000000d8000000,0x00000000d8373340,0x00000000d8500000)
  to   space 5120K, 0% used [0x00000000d8500000,0x00000000d8500000,0x00000000d8a00000)
 ParOldGen       total 86016K, used 32K [0x0000000082000000, 0x0000000087400000, 0x00000000d6000000)
  object space 86016K, 0% used [0x0000000082000000,0x0000000082008000,0x0000000087400000)
 Metaspace       used 17122K, capacity 17376K, committed 17664K, reserved 1064960K
  class space    used 2218K, capacity 2296K, committed 2304K, reserved 1048576K
}

